DEBUG - 2026-05-09 07:35:54 --> Session: Class initialized using 'CodeIgniter\Session\Handlers\FileHandler' driver.
ERROR - 2026-05-09 07:36:04 --> Error connecting to the database: mysqli_sql_exception: Connection refused in /home/lavi/Documents/projetRegime/AppRegime/system/Database/MySQLi/Connection.php:201
Stack trace:
#0 /home/lavi/Documents/projetRegime/AppRegime/system/Database/MySQLi/Connection.php(201): mysqli->real_connect()
#1 /home/lavi/Documents/projetRegime/AppRegime/system/Database/BaseConnection.php(555): CodeIgniter\Database\MySQLi\Connection->connect()
#2 /home/lavi/Documents/projetRegime/AppRegime/system/Database/BaseConnection.php(795): CodeIgniter\Database\BaseConnection->initialize()
#3 /home/lavi/Documents/projetRegime/AppRegime/system/Database/BaseBuilder.php(1649): CodeIgniter\Database\BaseConnection->query()
#4 /home/lavi/Documents/projetRegime/AppRegime/system/Model.php(295): CodeIgniter\Database\BaseBuilder->get()
#5 /home/lavi/Documents/projetRegime/AppRegime/system/BaseModel.php(714): CodeIgniter\Model->doFirst()
#6 /home/lavi/Documents/projetRegime/AppRegime/app/Controllers/LoginController.php(58): CodeIgniter\BaseModel->first()
#7 /home/lavi/Documents/projetRegime/AppRegime/system/CodeIgniter.php(951): App\Controllers\LoginController->authenticate()
#8 /home/lavi/Documents/projetRegime/AppRegime/system/CodeIgniter.php(497): CodeIgniter\CodeIgniter->runController()
#9 /home/lavi/Documents/projetRegime/AppRegime/system/CodeIgniter.php(340): CodeIgniter\CodeIgniter->handleRequest()
#10 /home/lavi/Documents/projetRegime/AppRegime/system/Boot.php(417): CodeIgniter\CodeIgniter->run()
#11 /home/lavi/Documents/projetRegime/AppRegime/system/Boot.php(68): CodeIgniter\Boot::runCodeIgniter()
#12 /home/lavi/Documents/projetRegime/AppRegime/public/index.php(59): CodeIgniter\Boot::bootWeb()
#13 /home/lavi/Documents/projetRegime/AppRegime/system/rewrite.php(44): require_once('...')
#14 {main}

Next CodeIgniter\Database\Exceptions\DatabaseException: Connection refused in /home/lavi/Documents/projetRegime/AppRegime/system/Database/MySQLi/Connection.php:231
Stack trace:
#0 /home/lavi/Documents/projetRegime/AppRegime/system/Database/BaseConnection.php(555): CodeIgniter\Database\MySQLi\Connection->connect()
#1 /home/lavi/Documents/projetRegime/AppRegime/system/Database/BaseConnection.php(795): CodeIgniter\Database\BaseConnection->initialize()
#2 /home/lavi/Documents/projetRegime/AppRegime/system/Database/BaseBuilder.php(1649): CodeIgniter\Database\BaseConnection->query()
#3 /home/lavi/Documents/projetRegime/AppRegime/system/Model.php(295): CodeIgniter\Database\BaseBuilder->get()
#4 /home/lavi/Documents/projetRegime/AppRegime/system/BaseModel.php(714): CodeIgniter\Model->doFirst()
#5 /home/lavi/Documents/projetRegime/AppRegime/app/Controllers/LoginController.php(58): CodeIgniter\BaseModel->first()
#6 /home/lavi/Documents/projetRegime/AppRegime/system/CodeIgniter.php(951): App\Controllers\LoginController->authenticate()
#7 /home/lavi/Documents/projetRegime/AppRegime/system/CodeIgniter.php(497): CodeIgniter\CodeIgniter->runController()
#8 /home/lavi/Documents/projetRegime/AppRegime/system/CodeIgniter.php(340): CodeIgniter\CodeIgniter->handleRequest()
#9 /home/lavi/Documents/projetRegime/AppRegime/system/Boot.php(417): CodeIgniter\CodeIgniter->run()
#10 /home/lavi/Documents/projetRegime/AppRegime/system/Boot.php(68): CodeIgniter\Boot::runCodeIgniter()
#11 /home/lavi/Documents/projetRegime/AppRegime/public/index.php(59): CodeIgniter\Boot::bootWeb()
#12 /home/lavi/Documents/projetRegime/AppRegime/system/rewrite.php(44): require_once('...')
#13 {main}
CRITICAL - 2026-05-09 07:36:04 --> CodeIgniter\Database\Exceptions\DatabaseException: Unable to connect to the database.
Main connection [MySQLi]: Connection refused
[Method: POST, Route: authenticate]
in SYSTEMPATH/Database/BaseConnection.php on line 606.
 1 SYSTEMPATH/Database/BaseConnection.php(795): CodeIgniter\Database\BaseConnection->initialize()
 2 SYSTEMPATH/Database/BaseBuilder.php(1649): CodeIgniter\Database\BaseConnection->query()
 3 SYSTEMPATH/Model.php(295): CodeIgniter\Database\BaseBuilder->get()
 4 SYSTEMPATH/BaseModel.php(714): CodeIgniter\Model->doFirst()
 5 APPPATH/Controllers/LoginController.php(58): CodeIgniter\BaseModel->first()
 6 SYSTEMPATH/CodeIgniter.php(951): App\Controllers\LoginController->authenticate()
 7 SYSTEMPATH/CodeIgniter.php(497): CodeIgniter\CodeIgniter->runController()
 8 SYSTEMPATH/CodeIgniter.php(340): CodeIgniter\CodeIgniter->handleRequest()
 9 SYSTEMPATH/Boot.php(417): CodeIgniter\CodeIgniter->run()
10 SYSTEMPATH/Boot.php(68): CodeIgniter\Boot::runCodeIgniter()
11 FCPATH/index.php(59): CodeIgniter\Boot::bootWeb()
12 SYSTEMPATH/rewrite.php(44): require_once('/home/lavi/Documents/projetRegime/AppRegime/public/index.php')
DEBUG - 2026-05-09 07:37:15 --> Session: Class initialized using 'CodeIgniter\Session\Handlers\FileHandler' driver.
DEBUG - 2026-05-09 07:37:23 --> Session: Class initialized using 'CodeIgniter\Session\Handlers\FileHandler' driver.
DEBUG - 2026-05-09 07:37:31 --> Session: Class initialized using 'CodeIgniter\Session\Handlers\FileHandler' driver.
DEBUG - 2026-05-09 07:37:34 --> Session: Class initialized using 'CodeIgniter\Session\Handlers\FileHandler' driver.
DEBUG - 2026-05-09 07:37:51 --> Session: Class initialized using 'CodeIgniter\Session\Handlers\FileHandler' driver.
DEBUG - 2026-05-09 07:37:58 --> Session: Class initialized using 'CodeIgniter\Session\Handlers\FileHandler' driver.
DEBUG - 2026-05-09 07:38:00 --> Session: Class initialized using 'CodeIgniter\Session\Handlers\FileHandler' driver.
DEBUG - 2026-05-09 07:38:12 --> Session: Class initialized using 'CodeIgniter\Session\Handlers\FileHandler' driver.
DEBUG - 2026-05-09 07:38:12 --> Session: Class initialized using 'CodeIgniter\Session\Handlers\FileHandler' driver.
DEBUG - 2026-05-09 07:39:14 --> Session: Class initialized using 'CodeIgniter\Session\Handlers\FileHandler' driver.
DEBUG - 2026-05-09 07:39:14 --> Session: Class initialized using 'CodeIgniter\Session\Handlers\FileHandler' driver.
DEBUG - 2026-05-09 07:39:39 --> Session: Class initialized using 'CodeIgniter\Session\Handlers\FileHandler' driver.
DEBUG - 2026-05-09 07:39:40 --> Session: Class initialized using 'CodeIgniter\Session\Handlers\FileHandler' driver.
DEBUG - 2026-05-09 07:39:56 --> Session: Class initialized using 'CodeIgniter\Session\Handlers\FileHandler' driver.
DEBUG - 2026-05-09 07:40:00 --> Session: Class initialized using 'CodeIgniter\Session\Handlers\FileHandler' driver.
DEBUG - 2026-05-09 07:40:08 --> Session: Class initialized using 'CodeIgniter\Session\Handlers\FileHandler' driver.
