ERROR - 2026-05-06 08:34:17 --> Error connecting to the database: mysqli_sql_exception: Access denied for user 'root'@'localhost' in /home/itu/Bureau/S4/SI/AppRegime/system/Database/MySQLi/Connection.php:201
Stack trace:
#0 /home/itu/Bureau/S4/SI/AppRegime/system/Database/MySQLi/Connection.php(201): mysqli->real_connect()
#1 /home/itu/Bureau/S4/SI/AppRegime/system/Database/BaseConnection.php(555): CodeIgniter\Database\MySQLi\Connection->connect()
#2 /home/itu/Bureau/S4/SI/AppRegime/system/Database/BaseConnection.php(795): CodeIgniter\Database\BaseConnection->initialize()
#3 /home/itu/Bureau/S4/SI/AppRegime/system/Database/BaseBuilder.php(1649): CodeIgniter\Database\BaseConnection->query()
#4 /home/itu/Bureau/S4/SI/AppRegime/system/Model.php(253): CodeIgniter\Database\BaseBuilder->get()
#5 /home/itu/Bureau/S4/SI/AppRegime/system/BaseModel.php(676): CodeIgniter\Model->doFindAll()
#6 /home/itu/Bureau/S4/SI/AppRegime/app/Controllers/ObjectifsController.php(13): CodeIgniter\BaseModel->findAll()
#7 /home/itu/Bureau/S4/SI/AppRegime/system/CodeIgniter.php(951): App\Controllers\ObjectifsController->index()
#8 /home/itu/Bureau/S4/SI/AppRegime/system/CodeIgniter.php(497): CodeIgniter\CodeIgniter->runController()
#9 /home/itu/Bureau/S4/SI/AppRegime/system/CodeIgniter.php(340): CodeIgniter\CodeIgniter->handleRequest()
#10 /home/itu/Bureau/S4/SI/AppRegime/system/Boot.php(417): CodeIgniter\CodeIgniter->run()
#11 /home/itu/Bureau/S4/SI/AppRegime/system/Boot.php(68): CodeIgniter\Boot::runCodeIgniter()
#12 /home/itu/Bureau/S4/SI/AppRegime/public/index.php(59): CodeIgniter\Boot::bootWeb()
#13 /home/itu/Bureau/S4/SI/AppRegime/system/rewrite.php(44): require_once('...')
#14 {main}

Next CodeIgniter\Database\Exceptions\DatabaseException: Access denied for user '****'@'localhost' in /home/itu/Bureau/S4/SI/AppRegime/system/Database/MySQLi/Connection.php:231
Stack trace:
#0 /home/itu/Bureau/S4/SI/AppRegime/system/Database/BaseConnection.php(555): CodeIgniter\Database\MySQLi\Connection->connect()
#1 /home/itu/Bureau/S4/SI/AppRegime/system/Database/BaseConnection.php(795): CodeIgniter\Database\BaseConnection->initialize()
#2 /home/itu/Bureau/S4/SI/AppRegime/system/Database/BaseBuilder.php(1649): CodeIgniter\Database\BaseConnection->query()
#3 /home/itu/Bureau/S4/SI/AppRegime/system/Model.php(253): CodeIgniter\Database\BaseBuilder->get()
#4 /home/itu/Bureau/S4/SI/AppRegime/system/BaseModel.php(676): CodeIgniter\Model->doFindAll()
#5 /home/itu/Bureau/S4/SI/AppRegime/app/Controllers/ObjectifsController.php(13): CodeIgniter\BaseModel->findAll()
#6 /home/itu/Bureau/S4/SI/AppRegime/system/CodeIgniter.php(951): App\Controllers\ObjectifsController->index()
#7 /home/itu/Bureau/S4/SI/AppRegime/system/CodeIgniter.php(497): CodeIgniter\CodeIgniter->runController()
#8 /home/itu/Bureau/S4/SI/AppRegime/system/CodeIgniter.php(340): CodeIgniter\CodeIgniter->handleRequest()
#9 /home/itu/Bureau/S4/SI/AppRegime/system/Boot.php(417): CodeIgniter\CodeIgniter->run()
#10 /home/itu/Bureau/S4/SI/AppRegime/system/Boot.php(68): CodeIgniter\Boot::runCodeIgniter()
#11 /home/itu/Bureau/S4/SI/AppRegime/public/index.php(59): CodeIgniter\Boot::bootWeb()
#12 /home/itu/Bureau/S4/SI/AppRegime/system/rewrite.php(44): require_once('...')
#13 {main}
CRITICAL - 2026-05-06 08:34:17 --> CodeIgniter\Database\Exceptions\DatabaseException: Unable to connect to the database.
Main connection [MySQLi]: Access denied for user '****'@'localhost'
[Method: GET, Route: objectifs]
in SYSTEMPATH/Database/BaseConnection.php on line 606.
 1 SYSTEMPATH/Database/BaseConnection.php(795): CodeIgniter\Database\BaseConnection->initialize()
 2 SYSTEMPATH/Database/BaseBuilder.php(1649): CodeIgniter\Database\BaseConnection->query()
 3 SYSTEMPATH/Model.php(253): CodeIgniter\Database\BaseBuilder->get()
 4 SYSTEMPATH/BaseModel.php(676): CodeIgniter\Model->doFindAll()
 5 APPPATH/Controllers/ObjectifsController.php(13): CodeIgniter\BaseModel->findAll()
 6 SYSTEMPATH/CodeIgniter.php(951): App\Controllers\ObjectifsController->index()
 7 SYSTEMPATH/CodeIgniter.php(497): CodeIgniter\CodeIgniter->runController()
 8 SYSTEMPATH/CodeIgniter.php(340): CodeIgniter\CodeIgniter->handleRequest()
 9 SYSTEMPATH/Boot.php(417): CodeIgniter\CodeIgniter->run()
10 SYSTEMPATH/Boot.php(68): CodeIgniter\Boot::runCodeIgniter()
11 FCPATH/index.php(59): CodeIgniter\Boot::bootWeb()
12 SYSTEMPATH/rewrite.php(44): require_once('/home/itu/Bureau/S4/SI/AppRegime/public/index.php')
ERROR - 2026-05-06 08:34:31 --> Error connecting to the database: mysqli_sql_exception: Access denied for user 'root'@'localhost' in /home/itu/Bureau/S4/SI/AppRegime/system/Database/MySQLi/Connection.php:201
Stack trace:
#0 /home/itu/Bureau/S4/SI/AppRegime/system/Database/MySQLi/Connection.php(201): mysqli->real_connect()
#1 /home/itu/Bureau/S4/SI/AppRegime/system/Database/BaseConnection.php(555): CodeIgniter\Database\MySQLi\Connection->connect()
#2 /home/itu/Bureau/S4/SI/AppRegime/system/Database/BaseConnection.php(795): CodeIgniter\Database\BaseConnection->initialize()
#3 /home/itu/Bureau/S4/SI/AppRegime/system/Database/BaseBuilder.php(1649): CodeIgniter\Database\BaseConnection->query()
#4 /home/itu/Bureau/S4/SI/AppRegime/system/Model.php(253): CodeIgniter\Database\BaseBuilder->get()
#5 /home/itu/Bureau/S4/SI/AppRegime/system/BaseModel.php(676): CodeIgniter\Model->doFindAll()
#6 /home/itu/Bureau/S4/SI/AppRegime/app/Controllers/ObjectifsController.php(13): CodeIgniter\BaseModel->findAll()
#7 /home/itu/Bureau/S4/SI/AppRegime/system/CodeIgniter.php(951): App\Controllers\ObjectifsController->index()
#8 /home/itu/Bureau/S4/SI/AppRegime/system/CodeIgniter.php(497): CodeIgniter\CodeIgniter->runController()
#9 /home/itu/Bureau/S4/SI/AppRegime/system/CodeIgniter.php(340): CodeIgniter\CodeIgniter->handleRequest()
#10 /home/itu/Bureau/S4/SI/AppRegime/system/Boot.php(417): CodeIgniter\CodeIgniter->run()
#11 /home/itu/Bureau/S4/SI/AppRegime/system/Boot.php(68): CodeIgniter\Boot::runCodeIgniter()
#12 /home/itu/Bureau/S4/SI/AppRegime/public/index.php(59): CodeIgniter\Boot::bootWeb()
#13 /home/itu/Bureau/S4/SI/AppRegime/system/rewrite.php(44): require_once('...')
#14 {main}

Next CodeIgniter\Database\Exceptions\DatabaseException: Access denied for user '****'@'localhost' in /home/itu/Bureau/S4/SI/AppRegime/system/Database/MySQLi/Connection.php:231
Stack trace:
#0 /home/itu/Bureau/S4/SI/AppRegime/system/Database/BaseConnection.php(555): CodeIgniter\Database\MySQLi\Connection->connect()
#1 /home/itu/Bureau/S4/SI/AppRegime/system/Database/BaseConnection.php(795): CodeIgniter\Database\BaseConnection->initialize()
#2 /home/itu/Bureau/S4/SI/AppRegime/system/Database/BaseBuilder.php(1649): CodeIgniter\Database\BaseConnection->query()
#3 /home/itu/Bureau/S4/SI/AppRegime/system/Model.php(253): CodeIgniter\Database\BaseBuilder->get()
#4 /home/itu/Bureau/S4/SI/AppRegime/system/BaseModel.php(676): CodeIgniter\Model->doFindAll()
#5 /home/itu/Bureau/S4/SI/AppRegime/app/Controllers/ObjectifsController.php(13): CodeIgniter\BaseModel->findAll()
#6 /home/itu/Bureau/S4/SI/AppRegime/system/CodeIgniter.php(951): App\Controllers\ObjectifsController->index()
#7 /home/itu/Bureau/S4/SI/AppRegime/system/CodeIgniter.php(497): CodeIgniter\CodeIgniter->runController()
#8 /home/itu/Bureau/S4/SI/AppRegime/system/CodeIgniter.php(340): CodeIgniter\CodeIgniter->handleRequest()
#9 /home/itu/Bureau/S4/SI/AppRegime/system/Boot.php(417): CodeIgniter\CodeIgniter->run()
#10 /home/itu/Bureau/S4/SI/AppRegime/system/Boot.php(68): CodeIgniter\Boot::runCodeIgniter()
#11 /home/itu/Bureau/S4/SI/AppRegime/public/index.php(59): CodeIgniter\Boot::bootWeb()
#12 /home/itu/Bureau/S4/SI/AppRegime/system/rewrite.php(44): require_once('...')
#13 {main}
CRITICAL - 2026-05-06 08:34:31 --> CodeIgniter\Database\Exceptions\DatabaseException: Unable to connect to the database.
Main connection [MySQLi]: Access denied for user '****'@'localhost'
[Method: GET, Route: objectifs]
in SYSTEMPATH/Database/BaseConnection.php on line 606.
 1 SYSTEMPATH/Database/BaseConnection.php(795): CodeIgniter\Database\BaseConnection->initialize()
 2 SYSTEMPATH/Database/BaseBuilder.php(1649): CodeIgniter\Database\BaseConnection->query()
 3 SYSTEMPATH/Model.php(253): CodeIgniter\Database\BaseBuilder->get()
 4 SYSTEMPATH/BaseModel.php(676): CodeIgniter\Model->doFindAll()
 5 APPPATH/Controllers/ObjectifsController.php(13): CodeIgniter\BaseModel->findAll()
 6 SYSTEMPATH/CodeIgniter.php(951): App\Controllers\ObjectifsController->index()
 7 SYSTEMPATH/CodeIgniter.php(497): CodeIgniter\CodeIgniter->runController()
 8 SYSTEMPATH/CodeIgniter.php(340): CodeIgniter\CodeIgniter->handleRequest()
 9 SYSTEMPATH/Boot.php(417): CodeIgniter\CodeIgniter->run()
10 SYSTEMPATH/Boot.php(68): CodeIgniter\Boot::runCodeIgniter()
11 FCPATH/index.php(59): CodeIgniter\Boot::bootWeb()
12 SYSTEMPATH/rewrite.php(44): require_once('/home/itu/Bureau/S4/SI/AppRegime/public/index.php')
ERROR - 2026-05-06 08:34:36 --> Error connecting to the database: mysqli_sql_exception: Access denied for user 'root'@'localhost' in /home/itu/Bureau/S4/SI/AppRegime/system/Database/MySQLi/Connection.php:201
Stack trace:
#0 /home/itu/Bureau/S4/SI/AppRegime/system/Database/MySQLi/Connection.php(201): mysqli->real_connect()
#1 /home/itu/Bureau/S4/SI/AppRegime/system/Database/BaseConnection.php(555): CodeIgniter\Database\MySQLi\Connection->connect()
#2 /home/itu/Bureau/S4/SI/AppRegime/system/Database/BaseConnection.php(795): CodeIgniter\Database\BaseConnection->initialize()
#3 /home/itu/Bureau/S4/SI/AppRegime/system/Database/BaseBuilder.php(1649): CodeIgniter\Database\BaseConnection->query()
#4 /home/itu/Bureau/S4/SI/AppRegime/system/Model.php(253): CodeIgniter\Database\BaseBuilder->get()
#5 /home/itu/Bureau/S4/SI/AppRegime/system/BaseModel.php(676): CodeIgniter\Model->doFindAll()
#6 /home/itu/Bureau/S4/SI/AppRegime/app/Controllers/ObjectifsController.php(13): CodeIgniter\BaseModel->findAll()
#7 /home/itu/Bureau/S4/SI/AppRegime/system/CodeIgniter.php(951): App\Controllers\ObjectifsController->index()
#8 /home/itu/Bureau/S4/SI/AppRegime/system/CodeIgniter.php(497): CodeIgniter\CodeIgniter->runController()
#9 /home/itu/Bureau/S4/SI/AppRegime/system/CodeIgniter.php(340): CodeIgniter\CodeIgniter->handleRequest()
#10 /home/itu/Bureau/S4/SI/AppRegime/system/Boot.php(417): CodeIgniter\CodeIgniter->run()
#11 /home/itu/Bureau/S4/SI/AppRegime/system/Boot.php(68): CodeIgniter\Boot::runCodeIgniter()
#12 /home/itu/Bureau/S4/SI/AppRegime/public/index.php(59): CodeIgniter\Boot::bootWeb()
#13 /home/itu/Bureau/S4/SI/AppRegime/system/rewrite.php(44): require_once('...')
#14 {main}

Next CodeIgniter\Database\Exceptions\DatabaseException: Access denied for user '****'@'localhost' in /home/itu/Bureau/S4/SI/AppRegime/system/Database/MySQLi/Connection.php:231
Stack trace:
#0 /home/itu/Bureau/S4/SI/AppRegime/system/Database/BaseConnection.php(555): CodeIgniter\Database\MySQLi\Connection->connect()
#1 /home/itu/Bureau/S4/SI/AppRegime/system/Database/BaseConnection.php(795): CodeIgniter\Database\BaseConnection->initialize()
#2 /home/itu/Bureau/S4/SI/AppRegime/system/Database/BaseBuilder.php(1649): CodeIgniter\Database\BaseConnection->query()
#3 /home/itu/Bureau/S4/SI/AppRegime/system/Model.php(253): CodeIgniter\Database\BaseBuilder->get()
#4 /home/itu/Bureau/S4/SI/AppRegime/system/BaseModel.php(676): CodeIgniter\Model->doFindAll()
#5 /home/itu/Bureau/S4/SI/AppRegime/app/Controllers/ObjectifsController.php(13): CodeIgniter\BaseModel->findAll()
#6 /home/itu/Bureau/S4/SI/AppRegime/system/CodeIgniter.php(951): App\Controllers\ObjectifsController->index()
#7 /home/itu/Bureau/S4/SI/AppRegime/system/CodeIgniter.php(497): CodeIgniter\CodeIgniter->runController()
#8 /home/itu/Bureau/S4/SI/AppRegime/system/CodeIgniter.php(340): CodeIgniter\CodeIgniter->handleRequest()
#9 /home/itu/Bureau/S4/SI/AppRegime/system/Boot.php(417): CodeIgniter\CodeIgniter->run()
#10 /home/itu/Bureau/S4/SI/AppRegime/system/Boot.php(68): CodeIgniter\Boot::runCodeIgniter()
#11 /home/itu/Bureau/S4/SI/AppRegime/public/index.php(59): CodeIgniter\Boot::bootWeb()
#12 /home/itu/Bureau/S4/SI/AppRegime/system/rewrite.php(44): require_once('...')
#13 {main}
CRITICAL - 2026-05-06 08:34:36 --> CodeIgniter\Database\Exceptions\DatabaseException: Unable to connect to the database.
Main connection [MySQLi]: Access denied for user '****'@'localhost'
[Method: GET, Route: objectifs]
in SYSTEMPATH/Database/BaseConnection.php on line 606.
 1 SYSTEMPATH/Database/BaseConnection.php(795): CodeIgniter\Database\BaseConnection->initialize()
 2 SYSTEMPATH/Database/BaseBuilder.php(1649): CodeIgniter\Database\BaseConnection->query()
 3 SYSTEMPATH/Model.php(253): CodeIgniter\Database\BaseBuilder->get()
 4 SYSTEMPATH/BaseModel.php(676): CodeIgniter\Model->doFindAll()
 5 APPPATH/Controllers/ObjectifsController.php(13): CodeIgniter\BaseModel->findAll()
 6 SYSTEMPATH/CodeIgniter.php(951): App\Controllers\ObjectifsController->index()
 7 SYSTEMPATH/CodeIgniter.php(497): CodeIgniter\CodeIgniter->runController()
 8 SYSTEMPATH/CodeIgniter.php(340): CodeIgniter\CodeIgniter->handleRequest()
 9 SYSTEMPATH/Boot.php(417): CodeIgniter\CodeIgniter->run()
10 SYSTEMPATH/Boot.php(68): CodeIgniter\Boot::runCodeIgniter()
11 FCPATH/index.php(59): CodeIgniter\Boot::bootWeb()
12 SYSTEMPATH/rewrite.php(44): require_once('/home/itu/Bureau/S4/SI/AppRegime/public/index.php')
ERROR - 2026-05-06 08:36:17 --> Error connecting to the database: mysqli_sql_exception: No such file or directory in /home/itu/Bureau/S4/SI/AppRegime/system/Database/MySQLi/Connection.php:201
Stack trace:
#0 /home/itu/Bureau/S4/SI/AppRegime/system/Database/MySQLi/Connection.php(201): mysqli->real_connect()
#1 /home/itu/Bureau/S4/SI/AppRegime/system/Database/BaseConnection.php(555): CodeIgniter\Database\MySQLi\Connection->connect()
#2 /home/itu/Bureau/S4/SI/AppRegime/system/Database/BaseConnection.php(795): CodeIgniter\Database\BaseConnection->initialize()
#3 /home/itu/Bureau/S4/SI/AppRegime/system/Database/BaseBuilder.php(1649): CodeIgniter\Database\BaseConnection->query()
#4 /home/itu/Bureau/S4/SI/AppRegime/system/Model.php(253): CodeIgniter\Database\BaseBuilder->get()
#5 /home/itu/Bureau/S4/SI/AppRegime/system/BaseModel.php(676): CodeIgniter\Model->doFindAll()
#6 /home/itu/Bureau/S4/SI/AppRegime/app/Controllers/ObjectifsController.php(13): CodeIgniter\BaseModel->findAll()
#7 /home/itu/Bureau/S4/SI/AppRegime/system/CodeIgniter.php(951): App\Controllers\ObjectifsController->index()
#8 /home/itu/Bureau/S4/SI/AppRegime/system/CodeIgniter.php(497): CodeIgniter\CodeIgniter->runController()
#9 /home/itu/Bureau/S4/SI/AppRegime/system/CodeIgniter.php(340): CodeIgniter\CodeIgniter->handleRequest()
#10 /home/itu/Bureau/S4/SI/AppRegime/system/Boot.php(417): CodeIgniter\CodeIgniter->run()
#11 /home/itu/Bureau/S4/SI/AppRegime/system/Boot.php(68): CodeIgniter\Boot::runCodeIgniter()
#12 /home/itu/Bureau/S4/SI/AppRegime/public/index.php(59): CodeIgniter\Boot::bootWeb()
#13 /home/itu/Bureau/S4/SI/AppRegime/system/rewrite.php(44): require_once('...')
#14 {main}

Next CodeIgniter\Database\Exceptions\DatabaseException: No such file or directory in /home/itu/Bureau/S4/SI/AppRegime/system/Database/MySQLi/Connection.php:231
Stack trace:
#0 /home/itu/Bureau/S4/SI/AppRegime/system/Database/BaseConnection.php(555): CodeIgniter\Database\MySQLi\Connection->connect()
#1 /home/itu/Bureau/S4/SI/AppRegime/system/Database/BaseConnection.php(795): CodeIgniter\Database\BaseConnection->initialize()
#2 /home/itu/Bureau/S4/SI/AppRegime/system/Database/BaseBuilder.php(1649): CodeIgniter\Database\BaseConnection->query()
#3 /home/itu/Bureau/S4/SI/AppRegime/system/Model.php(253): CodeIgniter\Database\BaseBuilder->get()
#4 /home/itu/Bureau/S4/SI/AppRegime/system/BaseModel.php(676): CodeIgniter\Model->doFindAll()
#5 /home/itu/Bureau/S4/SI/AppRegime/app/Controllers/ObjectifsController.php(13): CodeIgniter\BaseModel->findAll()
#6 /home/itu/Bureau/S4/SI/AppRegime/system/CodeIgniter.php(951): App\Controllers\ObjectifsController->index()
#7 /home/itu/Bureau/S4/SI/AppRegime/system/CodeIgniter.php(497): CodeIgniter\CodeIgniter->runController()
#8 /home/itu/Bureau/S4/SI/AppRegime/system/CodeIgniter.php(340): CodeIgniter\CodeIgniter->handleRequest()
#9 /home/itu/Bureau/S4/SI/AppRegime/system/Boot.php(417): CodeIgniter\CodeIgniter->run()
#10 /home/itu/Bureau/S4/SI/AppRegime/system/Boot.php(68): CodeIgniter\Boot::runCodeIgniter()
#11 /home/itu/Bureau/S4/SI/AppRegime/public/index.php(59): CodeIgniter\Boot::bootWeb()
#12 /home/itu/Bureau/S4/SI/AppRegime/system/rewrite.php(44): require_once('...')
#13 {main}
CRITICAL - 2026-05-06 08:36:17 --> CodeIgniter\Database\Exceptions\DatabaseException: Unable to connect to the database.
Main connection [MySQLi]: No such file or directory
[Method: GET, Route: objectifs]
in SYSTEMPATH/Database/BaseConnection.php on line 606.
 1 SYSTEMPATH/Database/BaseConnection.php(795): CodeIgniter\Database\BaseConnection->initialize()
 2 SYSTEMPATH/Database/BaseBuilder.php(1649): CodeIgniter\Database\BaseConnection->query()
 3 SYSTEMPATH/Model.php(253): CodeIgniter\Database\BaseBuilder->get()
 4 SYSTEMPATH/BaseModel.php(676): CodeIgniter\Model->doFindAll()
 5 APPPATH/Controllers/ObjectifsController.php(13): CodeIgniter\BaseModel->findAll()
 6 SYSTEMPATH/CodeIgniter.php(951): App\Controllers\ObjectifsController->index()
 7 SYSTEMPATH/CodeIgniter.php(497): CodeIgniter\CodeIgniter->runController()
 8 SYSTEMPATH/CodeIgniter.php(340): CodeIgniter\CodeIgniter->handleRequest()
 9 SYSTEMPATH/Boot.php(417): CodeIgniter\CodeIgniter->run()
10 SYSTEMPATH/Boot.php(68): CodeIgniter\Boot::runCodeIgniter()
11 FCPATH/index.php(59): CodeIgniter\Boot::bootWeb()
12 SYSTEMPATH/rewrite.php(44): require_once('/home/itu/Bureau/S4/SI/AppRegime/public/index.php')
ERROR - 2026-05-06 08:36:17 --> Error connecting to the database: mysqli_sql_exception: No such file or directory in /home/itu/Bureau/S4/SI/AppRegime/system/Database/MySQLi/Connection.php:201
Stack trace:
#0 /home/itu/Bureau/S4/SI/AppRegime/system/Database/MySQLi/Connection.php(201): mysqli->real_connect()
#1 /home/itu/Bureau/S4/SI/AppRegime/system/Database/BaseConnection.php(555): CodeIgniter\Database\MySQLi\Connection->connect()
#2 /home/itu/Bureau/S4/SI/AppRegime/system/Database/BaseConnection.php(795): CodeIgniter\Database\BaseConnection->initialize()
#3 /home/itu/Bureau/S4/SI/AppRegime/system/Database/BaseBuilder.php(1649): CodeIgniter\Database\BaseConnection->query()
#4 /home/itu/Bureau/S4/SI/AppRegime/system/Model.php(253): CodeIgniter\Database\BaseBuilder->get()
#5 /home/itu/Bureau/S4/SI/AppRegime/system/BaseModel.php(676): CodeIgniter\Model->doFindAll()
#6 /home/itu/Bureau/S4/SI/AppRegime/app/Controllers/ObjectifsController.php(13): CodeIgniter\BaseModel->findAll()
#7 /home/itu/Bureau/S4/SI/AppRegime/system/CodeIgniter.php(951): App\Controllers\ObjectifsController->index()
#8 /home/itu/Bureau/S4/SI/AppRegime/system/CodeIgniter.php(497): CodeIgniter\CodeIgniter->runController()
#9 /home/itu/Bureau/S4/SI/AppRegime/system/CodeIgniter.php(340): CodeIgniter\CodeIgniter->handleRequest()
#10 /home/itu/Bureau/S4/SI/AppRegime/system/Boot.php(417): CodeIgniter\CodeIgniter->run()
#11 /home/itu/Bureau/S4/SI/AppRegime/system/Boot.php(68): CodeIgniter\Boot::runCodeIgniter()
#12 /home/itu/Bureau/S4/SI/AppRegime/public/index.php(59): CodeIgniter\Boot::bootWeb()
#13 /home/itu/Bureau/S4/SI/AppRegime/system/rewrite.php(44): require_once('...')
#14 {main}

Next CodeIgniter\Database\Exceptions\DatabaseException: No such file or directory in /home/itu/Bureau/S4/SI/AppRegime/system/Database/MySQLi/Connection.php:231
Stack trace:
#0 /home/itu/Bureau/S4/SI/AppRegime/system/Database/BaseConnection.php(555): CodeIgniter\Database\MySQLi\Connection->connect()
#1 /home/itu/Bureau/S4/SI/AppRegime/system/Database/BaseConnection.php(795): CodeIgniter\Database\BaseConnection->initialize()
#2 /home/itu/Bureau/S4/SI/AppRegime/system/Database/BaseBuilder.php(1649): CodeIgniter\Database\BaseConnection->query()
#3 /home/itu/Bureau/S4/SI/AppRegime/system/Model.php(253): CodeIgniter\Database\BaseBuilder->get()
#4 /home/itu/Bureau/S4/SI/AppRegime/system/BaseModel.php(676): CodeIgniter\Model->doFindAll()
#5 /home/itu/Bureau/S4/SI/AppRegime/app/Controllers/ObjectifsController.php(13): CodeIgniter\BaseModel->findAll()
#6 /home/itu/Bureau/S4/SI/AppRegime/system/CodeIgniter.php(951): App\Controllers\ObjectifsController->index()
#7 /home/itu/Bureau/S4/SI/AppRegime/system/CodeIgniter.php(497): CodeIgniter\CodeIgniter->runController()
#8 /home/itu/Bureau/S4/SI/AppRegime/system/CodeIgniter.php(340): CodeIgniter\CodeIgniter->handleRequest()
#9 /home/itu/Bureau/S4/SI/AppRegime/system/Boot.php(417): CodeIgniter\CodeIgniter->run()
#10 /home/itu/Bureau/S4/SI/AppRegime/system/Boot.php(68): CodeIgniter\Boot::runCodeIgniter()
#11 /home/itu/Bureau/S4/SI/AppRegime/public/index.php(59): CodeIgniter\Boot::bootWeb()
#12 /home/itu/Bureau/S4/SI/AppRegime/system/rewrite.php(44): require_once('...')
#13 {main}
CRITICAL - 2026-05-06 08:36:17 --> CodeIgniter\Database\Exceptions\DatabaseException: Unable to connect to the database.
Main connection [MySQLi]: No such file or directory
[Method: GET, Route: objectifs]
in SYSTEMPATH/Database/BaseConnection.php on line 606.
 1 SYSTEMPATH/Database/BaseConnection.php(795): CodeIgniter\Database\BaseConnection->initialize()
 2 SYSTEMPATH/Database/BaseBuilder.php(1649): CodeIgniter\Database\BaseConnection->query()
 3 SYSTEMPATH/Model.php(253): CodeIgniter\Database\BaseBuilder->get()
 4 SYSTEMPATH/BaseModel.php(676): CodeIgniter\Model->doFindAll()
 5 APPPATH/Controllers/ObjectifsController.php(13): CodeIgniter\BaseModel->findAll()
 6 SYSTEMPATH/CodeIgniter.php(951): App\Controllers\ObjectifsController->index()
 7 SYSTEMPATH/CodeIgniter.php(497): CodeIgniter\CodeIgniter->runController()
 8 SYSTEMPATH/CodeIgniter.php(340): CodeIgniter\CodeIgniter->handleRequest()
 9 SYSTEMPATH/Boot.php(417): CodeIgniter\CodeIgniter->run()
10 SYSTEMPATH/Boot.php(68): CodeIgniter\Boot::runCodeIgniter()
11 FCPATH/index.php(59): CodeIgniter\Boot::bootWeb()
12 SYSTEMPATH/rewrite.php(44): require_once('/home/itu/Bureau/S4/SI/AppRegime/public/index.php')
ERROR - 2026-05-06 08:37:03 --> Error connecting to the database: mysqli_sql_exception: No such file or directory in /home/itu/Bureau/S4/SI/AppRegime/system/Database/MySQLi/Connection.php:201
Stack trace:
#0 /home/itu/Bureau/S4/SI/AppRegime/system/Database/MySQLi/Connection.php(201): mysqli->real_connect()
#1 /home/itu/Bureau/S4/SI/AppRegime/system/Database/BaseConnection.php(555): CodeIgniter\Database\MySQLi\Connection->connect()
#2 /home/itu/Bureau/S4/SI/AppRegime/system/Database/BaseConnection.php(795): CodeIgniter\Database\BaseConnection->initialize()
#3 /home/itu/Bureau/S4/SI/AppRegime/system/Database/BaseBuilder.php(1649): CodeIgniter\Database\BaseConnection->query()
#4 /home/itu/Bureau/S4/SI/AppRegime/system/Model.php(253): CodeIgniter\Database\BaseBuilder->get()
#5 /home/itu/Bureau/S4/SI/AppRegime/system/BaseModel.php(676): CodeIgniter\Model->doFindAll()
#6 /home/itu/Bureau/S4/SI/AppRegime/app/Controllers/ObjectifsController.php(13): CodeIgniter\BaseModel->findAll()
#7 /home/itu/Bureau/S4/SI/AppRegime/system/CodeIgniter.php(951): App\Controllers\ObjectifsController->index()
#8 /home/itu/Bureau/S4/SI/AppRegime/system/CodeIgniter.php(497): CodeIgniter\CodeIgniter->runController()
#9 /home/itu/Bureau/S4/SI/AppRegime/system/CodeIgniter.php(340): CodeIgniter\CodeIgniter->handleRequest()
#10 /home/itu/Bureau/S4/SI/AppRegime/system/Boot.php(417): CodeIgniter\CodeIgniter->run()
#11 /home/itu/Bureau/S4/SI/AppRegime/system/Boot.php(68): CodeIgniter\Boot::runCodeIgniter()
#12 /home/itu/Bureau/S4/SI/AppRegime/public/index.php(59): CodeIgniter\Boot::bootWeb()
#13 /home/itu/Bureau/S4/SI/AppRegime/system/rewrite.php(44): require_once('...')
#14 {main}

Next CodeIgniter\Database\Exceptions\DatabaseException: No such file or directory in /home/itu/Bureau/S4/SI/AppRegime/system/Database/MySQLi/Connection.php:231
Stack trace:
#0 /home/itu/Bureau/S4/SI/AppRegime/system/Database/BaseConnection.php(555): CodeIgniter\Database\MySQLi\Connection->connect()
#1 /home/itu/Bureau/S4/SI/AppRegime/system/Database/BaseConnection.php(795): CodeIgniter\Database\BaseConnection->initialize()
#2 /home/itu/Bureau/S4/SI/AppRegime/system/Database/BaseBuilder.php(1649): CodeIgniter\Database\BaseConnection->query()
#3 /home/itu/Bureau/S4/SI/AppRegime/system/Model.php(253): CodeIgniter\Database\BaseBuilder->get()
#4 /home/itu/Bureau/S4/SI/AppRegime/system/BaseModel.php(676): CodeIgniter\Model->doFindAll()
#5 /home/itu/Bureau/S4/SI/AppRegime/app/Controllers/ObjectifsController.php(13): CodeIgniter\BaseModel->findAll()
#6 /home/itu/Bureau/S4/SI/AppRegime/system/CodeIgniter.php(951): App\Controllers\ObjectifsController->index()
#7 /home/itu/Bureau/S4/SI/AppRegime/system/CodeIgniter.php(497): CodeIgniter\CodeIgniter->runController()
#8 /home/itu/Bureau/S4/SI/AppRegime/system/CodeIgniter.php(340): CodeIgniter\CodeIgniter->handleRequest()
#9 /home/itu/Bureau/S4/SI/AppRegime/system/Boot.php(417): CodeIgniter\CodeIgniter->run()
#10 /home/itu/Bureau/S4/SI/AppRegime/system/Boot.php(68): CodeIgniter\Boot::runCodeIgniter()
#11 /home/itu/Bureau/S4/SI/AppRegime/public/index.php(59): CodeIgniter\Boot::bootWeb()
#12 /home/itu/Bureau/S4/SI/AppRegime/system/rewrite.php(44): require_once('...')
#13 {main}
CRITICAL - 2026-05-06 08:37:03 --> CodeIgniter\Database\Exceptions\DatabaseException: Unable to connect to the database.
Main connection [MySQLi]: No such file or directory
[Method: GET, Route: objectifs]
in SYSTEMPATH/Database/BaseConnection.php on line 606.
 1 SYSTEMPATH/Database/BaseConnection.php(795): CodeIgniter\Database\BaseConnection->initialize()
 2 SYSTEMPATH/Database/BaseBuilder.php(1649): CodeIgniter\Database\BaseConnection->query()
 3 SYSTEMPATH/Model.php(253): CodeIgniter\Database\BaseBuilder->get()
 4 SYSTEMPATH/BaseModel.php(676): CodeIgniter\Model->doFindAll()
 5 APPPATH/Controllers/ObjectifsController.php(13): CodeIgniter\BaseModel->findAll()
 6 SYSTEMPATH/CodeIgniter.php(951): App\Controllers\ObjectifsController->index()
 7 SYSTEMPATH/CodeIgniter.php(497): CodeIgniter\CodeIgniter->runController()
 8 SYSTEMPATH/CodeIgniter.php(340): CodeIgniter\CodeIgniter->handleRequest()
 9 SYSTEMPATH/Boot.php(417): CodeIgniter\CodeIgniter->run()
10 SYSTEMPATH/Boot.php(68): CodeIgniter\Boot::runCodeIgniter()
11 FCPATH/index.php(59): CodeIgniter\Boot::bootWeb()
12 SYSTEMPATH/rewrite.php(44): require_once('/home/itu/Bureau/S4/SI/AppRegime/public/index.php')
ERROR - 2026-05-06 08:41:28 --> Error connecting to the database: mysqli_sql_exception: Access denied for user 'root'@'localhost' (using password: YES) in /home/itu/Bureau/S4/SI/AppRegime/system/Database/MySQLi/Connection.php:201
Stack trace:
#0 /home/itu/Bureau/S4/SI/AppRegime/system/Database/MySQLi/Connection.php(201): mysqli->real_connect()
#1 /home/itu/Bureau/S4/SI/AppRegime/system/Database/BaseConnection.php(555): CodeIgniter\Database\MySQLi\Connection->connect()
#2 /home/itu/Bureau/S4/SI/AppRegime/system/Database/BaseConnection.php(795): CodeIgniter\Database\BaseConnection->initialize()
#3 /home/itu/Bureau/S4/SI/AppRegime/system/Database/BaseBuilder.php(1649): CodeIgniter\Database\BaseConnection->query()
#4 /home/itu/Bureau/S4/SI/AppRegime/system/Model.php(253): CodeIgniter\Database\BaseBuilder->get()
#5 /home/itu/Bureau/S4/SI/AppRegime/system/BaseModel.php(676): CodeIgniter\Model->doFindAll()
#6 /home/itu/Bureau/S4/SI/AppRegime/app/Controllers/ObjectifsController.php(13): CodeIgniter\BaseModel->findAll()
#7 /home/itu/Bureau/S4/SI/AppRegime/system/CodeIgniter.php(951): App\Controllers\ObjectifsController->index()
#8 /home/itu/Bureau/S4/SI/AppRegime/system/CodeIgniter.php(497): CodeIgniter\CodeIgniter->runController()
#9 /home/itu/Bureau/S4/SI/AppRegime/system/CodeIgniter.php(340): CodeIgniter\CodeIgniter->handleRequest()
#10 /home/itu/Bureau/S4/SI/AppRegime/system/Boot.php(417): CodeIgniter\CodeIgniter->run()
#11 /home/itu/Bureau/S4/SI/AppRegime/system/Boot.php(68): CodeIgniter\Boot::runCodeIgniter()
#12 /home/itu/Bureau/S4/SI/AppRegime/public/index.php(59): CodeIgniter\Boot::bootWeb()
#13 /home/itu/Bureau/S4/SI/AppRegime/system/rewrite.php(44): require_once('...')
#14 {main}

Next CodeIgniter\Database\Exceptions\DatabaseException: Access denied for user '****'@'localhost' (using password: YES) in /home/itu/Bureau/S4/SI/AppRegime/system/Database/MySQLi/Connection.php:231
Stack trace:
#0 /home/itu/Bureau/S4/SI/AppRegime/system/Database/BaseConnection.php(555): CodeIgniter\Database\MySQLi\Connection->connect()
#1 /home/itu/Bureau/S4/SI/AppRegime/system/Database/BaseConnection.php(795): CodeIgniter\Database\BaseConnection->initialize()
#2 /home/itu/Bureau/S4/SI/AppRegime/system/Database/BaseBuilder.php(1649): CodeIgniter\Database\BaseConnection->query()
#3 /home/itu/Bureau/S4/SI/AppRegime/system/Model.php(253): CodeIgniter\Database\BaseBuilder->get()
#4 /home/itu/Bureau/S4/SI/AppRegime/system/BaseModel.php(676): CodeIgniter\Model->doFindAll()
#5 /home/itu/Bureau/S4/SI/AppRegime/app/Controllers/ObjectifsController.php(13): CodeIgniter\BaseModel->findAll()
#6 /home/itu/Bureau/S4/SI/AppRegime/system/CodeIgniter.php(951): App\Controllers\ObjectifsController->index()
#7 /home/itu/Bureau/S4/SI/AppRegime/system/CodeIgniter.php(497): CodeIgniter\CodeIgniter->runController()
#8 /home/itu/Bureau/S4/SI/AppRegime/system/CodeIgniter.php(340): CodeIgniter\CodeIgniter->handleRequest()
#9 /home/itu/Bureau/S4/SI/AppRegime/system/Boot.php(417): CodeIgniter\CodeIgniter->run()
#10 /home/itu/Bureau/S4/SI/AppRegime/system/Boot.php(68): CodeIgniter\Boot::runCodeIgniter()
#11 /home/itu/Bureau/S4/SI/AppRegime/public/index.php(59): CodeIgniter\Boot::bootWeb()
#12 /home/itu/Bureau/S4/SI/AppRegime/system/rewrite.php(44): require_once('...')
#13 {main}
CRITICAL - 2026-05-06 08:41:28 --> CodeIgniter\Database\Exceptions\DatabaseException: Unable to connect to the database.
Main connection [MySQLi]: Access denied for user '****'@'localhost' (using password: YES)
[Method: GET, Route: objectifs]
in SYSTEMPATH/Database/BaseConnection.php on line 606.
 1 SYSTEMPATH/Database/BaseConnection.php(795): CodeIgniter\Database\BaseConnection->initialize()
 2 SYSTEMPATH/Database/BaseBuilder.php(1649): CodeIgniter\Database\BaseConnection->query()
 3 SYSTEMPATH/Model.php(253): CodeIgniter\Database\BaseBuilder->get()
 4 SYSTEMPATH/BaseModel.php(676): CodeIgniter\Model->doFindAll()
 5 APPPATH/Controllers/ObjectifsController.php(13): CodeIgniter\BaseModel->findAll()
 6 SYSTEMPATH/CodeIgniter.php(951): App\Controllers\ObjectifsController->index()
 7 SYSTEMPATH/CodeIgniter.php(497): CodeIgniter\CodeIgniter->runController()
 8 SYSTEMPATH/CodeIgniter.php(340): CodeIgniter\CodeIgniter->handleRequest()
 9 SYSTEMPATH/Boot.php(417): CodeIgniter\CodeIgniter->run()
10 SYSTEMPATH/Boot.php(68): CodeIgniter\Boot::runCodeIgniter()
11 FCPATH/index.php(59): CodeIgniter\Boot::bootWeb()
12 SYSTEMPATH/rewrite.php(44): require_once('/home/itu/Bureau/S4/SI/AppRegime/public/index.php')
